TN:
SF:src/lib/safety/cluster.ts
FN:2,clusterEvents
FN:3,(anonymous_1)
FN:4,(anonymous_2)
FN:4,(anonymous_3)
FN:4,(anonymous_4)
FN:12,rowsInWindow
FN:14,(anonymous_6)
FNF:7
FNH:6
FNDA:3,clusterEvents
FNDA:6,(anonymous_1)
FNDA:18,(anonymous_2)
FNDA:15,(anonymous_3)
FNDA:0,(anonymous_4)
FNDA:3,rowsInWindow
FNDA:18,(anonymous_6)
DA:2,1
DA:3,6
DA:4,18
DA:5,3
DA:6,3
DA:7,3
DA:8,3
DA:10,3
DA:12,1
DA:13,3
DA:14,18
LF:11
LH:11
BRDA:8,0,0,3
BRDA:8,1,0,3
BRDA:8,1,1,0
BRDA:14,2,0,18
BRDA:14,2,1,6
BRF:5
BRH:4
end_of_record
TN:
SF:src/lib/safety/parser.ts
FN:2,parseCSV
FN:5,(anonymous_1)
FN:10,(anonymous_2)
FN:15,normalizeRow
FN:17,(anonymous_4)
FN:17,(anonymous_5)
FN:18,(anonymous_6)
FN:21,(anonymous_7)
FN:22,(anonymous_8)
FN:33,parseJSONRows
FNF:10
FNH:7
FNDA:0,parseCSV
FNDA:0,(anonymous_1)
FNDA:0,(anonymous_2)
FNDA:6,normalizeRow
FNDA:7,(anonymous_4)
FNDA:5,(anonymous_5)
FNDA:18,(anonymous_6)
FNDA:54,(anonymous_7)
FNDA:6,(anonymous_8)
FNDA:1,parseJSONRows
DA:1,1
DA:2,1
DA:3,0
DA:4,0
DA:5,0
DA:6,0
DA:7,0
DA:8,0
DA:9,0
DA:10,0
DA:11,0
DA:13,0
DA:15,1
DA:16,6
DA:17,7
DA:18,18
DA:19,5
DA:21,54
DA:22,6
DA:23,6
DA:33,1
LF:21
LH:11
BRDA:4,0,0,0
BRDA:16,1,0,6
BRDA:16,1,1,2
BRDA:19,2,0,5
BRDA:19,2,1,0
BRDA:21,3,0,54
BRDA:21,3,1,0
BRDA:22,4,0,6
BRDA:22,4,1,0
BRDA:24,5,0,6
BRDA:24,5,1,0
BRF:11
BRH:6
end_of_record
TN:
SF:src/lib/safety/scorer.ts
FN:3,(anonymous_0)
FN:4,computeSafetyScore
FN:7,(anonymous_2)
FN:39,(anonymous_3)
FN:44,(anonymous_4)
FN:45,(anonymous_5)
FNF:6
FNH:6
FNDA:3,(anonymous_0)
FNDA:3,computeSafetyScore
FNDA:18,(anonymous_2)
FNDA:6,(anonymous_3)
FNDA:30,(anonymous_4)
FNDA:6,(anonymous_5)
DA:1,1
DA:2,1
DA:3,3
DA:4,1
DA:5,3
DA:6,3
DA:7,18
DA:8,3
DA:9,3
DA:10,3
DA:11,18
DA:12,18
DA:13,6
DA:14,12
DA:15,18
DA:16,18
DA:17,18
DA:19,18
DA:20,18
DA:21,18
DA:22,18
DA:23,18
DA:24,18
DA:25,18
DA:26,18
DA:27,18
DA:29,3
DA:30,3
DA:31,3
DA:32,3
DA:33,6
DA:34,3
DA:35,3
DA:37,18
DA:38,3
DA:39,6
DA:41,3
DA:42,3
DA:43,3
DA:44,30
DA:45,6
DA:46,3
LF:42
LH:42
BRDA:6,0,0,0
BRDA:12,1,0,6
BRDA:12,1,1,12
BRDA:12,2,0,18
BRDA:12,2,1,18
BRDA:20,3,0,6
BRDA:21,4,0,3
BRDA:22,5,0,3
BRDA:23,6,0,3
BRDA:24,7,0,18
BRDA:24,7,1,15
BRDA:25,8,0,18
BRDA:25,8,1,12
BRDA:25,8,2,12
BRDA:25,9,0,18
BRDA:25,9,1,0
BRDA:25,10,0,18
BRDA:25,10,1,18
BRDA:25,11,0,12
BRDA:25,11,1,0
BRDA:25,12,0,12
BRDA:25,12,1,12
BRDA:25,13,0,12
BRDA:25,13,1,0
BRDA:25,14,0,12
BRDA:25,14,1,12
BRDA:26,15,0,18
BRDA:26,15,1,0
BRDA:26,16,0,18
BRDA:26,16,1,18
BRDA:27,17,0,6
BRDA:27,18,0,18
BRDA:27,18,1,12
BRDA:27,18,2,6
BRDA:27,18,3,6
BRDA:33,19,0,0
BRDA:33,20,0,6
BRDA:33,20,1,6
BRDA:33,20,2,6
BRDA:33,20,3,6
BRDA:33,21,0,0
BRDA:33,21,1,6
BRDA:33,22,0,6
BRDA:33,22,1,6
BRDA:33,23,0,0
BRDA:33,23,1,6
BRDA:33,24,0,6
BRDA:33,24,1,6
BRDA:33,25,0,0
BRDA:33,25,1,6
BRDA:33,26,0,6
BRDA:33,26,1,6
BRDA:33,27,0,0
BRDA:33,27,1,6
BRDA:33,28,0,6
BRDA:33,28,1,6
BRDA:35,29,0,3
BRDA:37,30,0,18
BRDA:37,30,1,0
BRDA:37,31,0,0
BRDA:37,31,1,18
BRDA:37,32,0,18
BRDA:37,32,1,18
BRDA:38,33,0,3
BRDA:38,34,0,3
BRDA:38,34,1,3
BRDA:39,35,0,3
BRDA:39,35,1,0
BRDA:39,36,0,0
BRDA:39,36,1,3
BRDA:39,37,0,3
BRDA:39,37,1,3
BRDA:44,38,0,3
BRDA:44,39,0,3
BRDA:44,40,0,0
BRDA:45,41,0,3
BRDA:45,41,1,0
BRF:77
BRH:61
end_of_record
TN:
SF:src/lib/safety/settings.ts
FNF:0
FNH:0
DA:2,1
LF:1
LH:1
BRF:0
BRH:0
end_of_record
TN:
SF:src/lib/safety/types.ts
FNF:0
FNH:0
DA:18,1
LF:1
LH:1
BRF:0
BRH:0
end_of_record
